[12:08:27] [red_engine] [info] intitializing libxml
[12:08:27] [red_engine] [info] intitializing error-table
[12:08:27] [red_engine] [info] intitializing msg-table
[12:08:27] [red_engine] [info] registering arrow dataset
[12:08:27] [red_engine] [info] registering cspro datasource
[12:08:27] [red_engine] [info] intitializing sdc RR4 processor
[12:08:27] [red_engine] [info] intitializing plugins
[12:08:27] [red_engine] [debug] Loading plugins from directory [plugins]
[12:08:27] [red_engine] [info] intitializing pwd-provide
[12:08:27] [red_engine] [info] intitializing openssl
[12:08:34] [red_engine] [debug] STATP initializing
[12:08:35] [red_engine] [debug] STATP run
[12:09:46] [red_engine] [debug] STATP postProcess
[12:09:46] [red_engine] [debug] [$table1] post process
[12:09:46] [red_engine] [debug] [$table1] create dataset
[12:09:46] [red_engine] [debug] [$table1] add field [MPIO]
[12:09:46] [red_engine] [debug] [$table1] add field label [MPIO]
[12:09:46] [red_engine] [debug] [$table1] add field mask [MPIO]
[12:09:46] [red_engine] [debug] [$table1] add field [PLG11]
[12:09:46] [red_engine] [debug] [$table1] add field label [PLG11]
[12:09:46] [red_engine] [debug] [$table1] add field mask [PLG11]
[12:09:46] [red_engine] [debug] [$table1] add field [PCP7]
[12:09:46] [red_engine] [debug] [$table1] add field label [PCP7]
[12:09:46] [red_engine] [debug] [$table1] add field mask [PCP7]
[12:09:46] [red_engine] [debug] [$table1] add field [PCP6]
[12:09:46] [red_engine] [debug] [$table1] add field label [PCP6]
[12:09:46] [red_engine] [debug] [$table1] add field mask [PCP6]
[12:09:46] [red_engine] [debug] [$table1] add field [ANEDUCA]
[12:09:46] [red_engine] [debug] [$table1] add field label [ANEDUCA]
[12:09:46] [red_engine] [debug] [$table1] add field mask [ANEDUCA]
[12:09:46] [red_engine] [debug] [$table1] add field [PBLOPER]
[12:09:46] [red_engine] [debug] [$table1] add field label [PBLOPER]
[12:09:46] [red_engine] [debug] [$table1] add field mask [PBLOPER]
[12:09:46] [red_engine] [debug] [$table1] add field value
[12:10:30] [red_engine] [debug] STATP end run
[12:15:03] [red_engine] [debug] STATP initializing
[12:15:03] [red_engine] [debug] STATP run
[12:15:05] [red_engine] [debug] STATP postProcess
[12:15:05] [red_engine] [debug] [$table1] post process
[12:15:05] [red_engine] [debug] [$table1] create dataset
[12:15:05] [red_engine] [debug] [$table1] add field [MPIO]
[12:15:05] [red_engine] [debug] [$table1] add field label [MPIO]
[12:15:05] [red_engine] [debug] [$table1] add field mask [MPIO]
[12:15:05] [red_engine] [debug] [$table1] add field [PCH5]
[12:15:05] [red_engine] [debug] [$table1] add field label [PCH5]
[12:15:05] [red_engine] [debug] [$table1] add field mask [PCH5]
[12:15:05] [red_engine] [debug] [$table1] add field value
[12:15:05] [red_engine] [debug] STATP end run
[12:16:04] [red_engine] [debug] STATP initializing
[12:16:04] [red_engine] [debug] STATP run
[12:16:06] [red_engine] [debug] STATP postProcess
[12:16:06] [red_engine] [debug] [$table1] post process
[12:16:06] [red_engine] [debug] [$table1] create dataset
[12:16:06] [red_engine] [debug] [$table1] add field [MPIO]
[12:16:06] [red_engine] [debug] [$table1] add field label [MPIO]
[12:16:06] [red_engine] [debug] [$table1] add field mask [MPIO]
[12:16:06] [red_engine] [debug] [$table1] add field [PCH5]
[12:16:06] [red_engine] [debug] [$table1] add field label [PCH5]
[12:16:06] [red_engine] [debug] [$table1] add field mask [PCH5]
[12:16:06] [red_engine] [debug] [$table1] add field value
[12:16:06] [red_engine] [debug] STATP end run
[12:16:25] [red_engine] [debug] STATP initializing
[12:16:25] [red_engine] [debug] STATP run
[12:16:28] [red_engine] [debug] STATP postProcess
[12:16:28] [red_engine] [debug] [$table1] post process
[12:16:28] [red_engine] [debug] [$table1] create dataset
[12:16:28] [red_engine] [debug] [$table1] add field [MPIO]
[12:16:28] [red_engine] [debug] [$table1] add field label [MPIO]
[12:16:28] [red_engine] [debug] [$table1] add field mask [MPIO]
[12:16:28] [red_engine] [debug] [$table1] add field [PCH8]
[12:16:28] [red_engine] [debug] [$table1] add field label [PCH8]
[12:16:28] [red_engine] [debug] [$table1] add field mask [PCH8]
[12:16:28] [red_engine] [debug] [$table1] add field value
[12:16:28] [red_engine] [debug] STATP end run
[12:16:30] [red_engine] [debug] STATP initializing
[12:16:30] [red_engine] [debug] STATP run
[12:16:31] [red_engine] [debug] STATP postProcess
[12:16:31] [red_engine] [debug] [$table1] post process
[12:16:31] [red_engine] [debug] [$table1] create dataset
[12:16:31] [red_engine] [debug] [$table1] add field [MPIO]
[12:16:31] [red_engine] [debug] [$table1] add field label [MPIO]
[12:16:31] [red_engine] [debug] [$table1] add field mask [MPIO]
[12:16:31] [red_engine] [debug] [$table1] add field [PCH4]
[12:16:31] [red_engine] [debug] [$table1] add field label [PCH4]
[12:16:31] [red_engine] [debug] [$table1] add field mask [PCH4]
[12:16:31] [red_engine] [debug] [$table1] add field value
[12:16:31] [red_engine] [debug] STATP end run
[12:16:33] [red_engine] [debug] STATP initializing
[12:16:33] [red_engine] [debug] STATP run
[12:16:35] [red_engine] [debug] STATP postProcess
[12:16:35] [red_engine] [debug] [$table1] post process
[12:16:35] [red_engine] [debug] [$table1] create dataset
[12:16:35] [red_engine] [debug] [$table1] add field [MPIO]
[12:16:35] [red_engine] [debug] [$table1] add field label [MPIO]
[12:16:35] [red_engine] [debug] [$table1] add field mask [MPIO]
[12:16:35] [red_engine] [debug] [$table1] add field [PCH14]
[12:16:35] [red_engine] [debug] [$table1] add field label [PCH14]
[12:16:35] [red_engine] [debug] [$table1] add field mask [PCH14]
[12:16:35] [red_engine] [debug] [$table1] add field value
[12:16:35] [red_engine] [debug] STATP end run
[12:16:39] [red_engine] [debug] STATP initializing
[12:16:39] [red_engine] [debug] STATP run
[12:16:40] [red_engine] [debug] STATP postProcess
[12:16:40] [red_engine] [debug] [$table1] post process
[12:16:40] [red_engine] [debug] [$table1] create dataset
[12:16:40] [red_engine] [debug] [$table1] add field [MPIO]
[12:16:40] [red_engine] [debug] [$table1] add field label [MPIO]
[12:16:40] [red_engine] [debug] [$table1] add field mask [MPIO]
[12:16:40] [red_engine] [debug] [$table1] add field [PCH10]
[12:16:40] [red_engine] [debug] [$table1] add field label [PCH10]
[12:16:40] [red_engine] [debug] [$table1] add field mask [PCH10]
[12:16:40] [red_engine] [debug] [$table1] add field value
[12:16:40] [red_engine] [debug] STATP end run
[12:16:44] [red_engine] [debug] STATP initializing
[12:16:45] [red_engine] [debug] STATP run
[12:16:46] [red_engine] [debug] STATP postProcess
[12:16:46] [red_engine] [debug] [$table1] post process
[12:16:46] [red_engine] [debug] [$table1] create dataset
[12:16:46] [red_engine] [debug] [$table1] add field [MPIO]
[12:16:46] [red_engine] [debug] [$table1] add field label [MPIO]
[12:16:46] [red_engine] [debug] [$table1] add field mask [MPIO]
[12:16:46] [red_engine] [debug] [$table1] add field [PCH9_I]
[12:16:46] [red_engine] [debug] [$table1] add field label [PCH9_I]
[12:16:46] [red_engine] [debug] [$table1] add field mask [PCH9_I]
[12:16:46] [red_engine] [debug] [$table1] add field value
[12:16:46] [red_engine] [debug] STATP end run
[12:16:50] [red_engine] [debug] STATP initializing
[12:16:50] [red_engine] [debug] STATP run
[12:16:51] [red_engine] [debug] STATP postProcess
[12:16:51] [red_engine] [debug] [$table1] post process
[12:16:51] [red_engine] [debug] [$table1] create dataset
[12:16:51] [red_engine] [debug] [$table1] add field [MPIO]
[12:16:51] [red_engine] [debug] [$table1] add field label [MPIO]
[12:16:51] [red_engine] [debug] [$table1] add field mask [MPIO]
[12:16:51] [red_engine] [debug] [$table1] add field [PCV5]
[12:16:51] [red_engine] [debug] [$table1] add field label [PCV5]
[12:16:51] [red_engine] [debug] [$table1] add field mask [PCV5]
[12:16:51] [red_engine] [debug] [$table1] add field value
[12:16:51] [red_engine] [debug] STATP end run
[12:16:54] [red_engine] [debug] STATP initializing
[12:16:54] [red_engine] [debug] STATP run
[12:16:55] [red_engine] [debug] STATP postProcess
[12:16:55] [red_engine] [debug] [$table1] post process
[12:16:55] [red_engine] [debug] [$table1] create dataset
[12:16:55] [red_engine] [debug] [$table1] add field [MPIO]
[12:16:55] [red_engine] [debug] [$table1] add field label [MPIO]
[12:16:55] [red_engine] [debug] [$table1] add field mask [MPIO]
[12:16:55] [red_engine] [debug] [$table1] add field [PCV2]
[12:16:55] [red_engine] [debug] [$table1] add field label [PCV2]
[12:16:55] [red_engine] [debug] [$table1] add field mask [PCV2]
[12:16:55] [red_engine] [debug] [$table1] add field value
[12:16:55] [red_engine] [debug] STATP end run
[12:16:58] [red_engine] [debug] STATP initializing
[12:16:58] [red_engine] [debug] STATP run
[12:16:59] [red_engine] [debug] STATP postProcess
[12:16:59] [red_engine] [debug] [$table1] post process
[12:16:59] [red_engine] [debug] [$table1] create dataset
[12:16:59] [red_engine] [debug] [$table1] add field [MPIO]
[12:16:59] [red_engine] [debug] [$table1] add field label [MPIO]
[12:16:59] [red_engine] [debug] [$table1] add field mask [MPIO]
[12:16:59] [red_engine] [debug] [$table1] add field [PCV3]
[12:16:59] [red_engine] [debug] [$table1] add field label [PCV3]
[12:16:59] [red_engine] [debug] [$table1] add field mask [PCV3]
[12:16:59] [red_engine] [debug] [$table1] add field value
[12:16:59] [red_engine] [debug] STATP end run
[12:17:02] [red_engine] [debug] STATP initializing
[12:17:02] [red_engine] [debug] STATP run
[12:17:14] [red_engine] [debug] STATP postProcess
[12:17:14] [red_engine] [debug] [$table1] post process
[12:17:14] [red_engine] [debug] [$table1] create dataset
[12:17:14] [red_engine] [debug] [$table1] add field [MPIO]
[12:17:14] [red_engine] [debug] [$table1] add field label [MPIO]
[12:17:14] [red_engine] [debug] [$table1] add field mask [MPIO]
[12:17:14] [red_engine] [debug] [$table1] add field [PCP7]
[12:17:14] [red_engine] [debug] [$table1] add field label [PCP7]
[12:17:14] [red_engine] [debug] [$table1] add field mask [PCP7]
[12:17:14] [red_engine] [debug] [$table1] add field [ANEDUCA]
[12:17:14] [red_engine] [debug] [$table1] add field label [ANEDUCA]
[12:17:14] [red_engine] [debug] [$table1] add field mask [ANEDUCA]
[12:17:14] [red_engine] [debug] [$table1] add field value
[12:17:15] [red_engine] [debug] STATP end run
[12:17:16] [red_engine] [debug] STATP initializing
[12:17:16] [red_engine] [debug] STATP run
[12:17:26] [red_engine] [debug] STATP postProcess
[12:17:26] [red_engine] [debug] [$table1] post process
[12:17:26] [red_engine] [debug] [$table1] create dataset
[12:17:26] [red_engine] [debug] [$table1] add field [MPIO]
[12:17:26] [red_engine] [debug] [$table1] add field label [MPIO]
[12:17:26] [red_engine] [debug] [$table1] add field mask [MPIO]
[12:17:26] [red_engine] [debug] [$table1] add field [PCP7]
[12:17:26] [red_engine] [debug] [$table1] add field label [PCP7]
[12:17:26] [red_engine] [debug] [$table1] add field mask [PCP7]
[12:17:26] [red_engine] [debug] [$table1] add field [PCP22]
[12:17:26] [red_engine] [debug] [$table1] add field label [PCP22]
[12:17:26] [red_engine] [debug] [$table1] add field mask [PCP22]
[12:17:26] [red_engine] [debug] [$table1] add field value
[12:17:26] [red_engine] [debug] STATP end run
[12:17:33] [red_engine] [debug] STATP initializing
[12:17:33] [red_engine] [debug] STATP run
[12:17:35] [red_engine] [debug] STATP postProcess
[12:17:35] [red_engine] [debug] [$table1] post process
[12:17:35] [red_engine] [debug] [$table1] create dataset
[12:17:35] [red_engine] [debug] [$table1] add field [MPIO]
[12:17:35] [red_engine] [debug] [$table1] add field label [MPIO]
[12:17:35] [red_engine] [debug] [$table1] add field mask [MPIO]
[12:17:35] [red_engine] [debug] [$table1] add field [PCH12]
[12:17:35] [red_engine] [debug] [$table1] add field label [PCH12]
[12:17:35] [red_engine] [debug] [$table1] add field mask [PCH12]
[12:17:35] [red_engine] [debug] [$table1] add field [TOTAL_PERS]
[12:17:35] [red_engine] [debug] [$table1] add field label [TOTAL_PERS]
